<?xml version="1.0" encoding="UTF-8"?>
<!-- Generated by org.testng.reporters.JUnitReportReporter -->
<testsuite hostname="DESKTOP-TV0CJ1Q" failures="0" tests="1" name="com.demoqa.tests.LoginTests" time="10.963" errors="0" timestamp="2024-07-04T18:15:30 CEST" skipped="0">
  <testcase classname="com.demoqa.tests.LoginTests" name="LoginPositiveTest" time="10.963"/>
</testsuite> <!-- com.demoqa.tests.LoginTests -->
